<?xml version="1.0" encoding="UTF-8"?>
<testsuite name="com.weShare.api.v1.token.RefreshRefreshTokenRepositoryTest" tests="3" skipped="0" failures="0" errors="0" timestamp="2024-01-23T12:37:18" hostname="hyunwoo-MacBookAir.local" time="0.042">
  <properties/>
  <testcase name="사용자 email을 통해서 토큰을 조회할 수 있다." classname="com.weShare.api.v1.token.RefreshRefreshTokenRepositoryTest" time="0.016"/>
  <testcase name="사용자가 가지고 있는 토큰을 조회할 수 있다." classname="com.weShare.api.v1.token.RefreshRefreshTokenRepositoryTest" time="0.013"/>
  <testcase name="refresh token을 사용해서 사용자를 조회할 수 있다." classname="com.weShare.api.v1.token.RefreshRefreshTokenRepositoryTest" time="0.012"/>
  <system-out><![CDATA[2024.01.23 21:37:18.020 [Test worker] INFO  o.s.t.c.s.AnnotationConfigContextLoaderUtils - Could not detect default configuration classes for test class [com.weShare.api.v1.token.RefreshRefreshTokenRepositoryTest]: RefreshRefreshTokenRepositoryTest does not declare any static, non-private, non-final, nested classes annotated with @Configuration. 
2024.01.23 21:37:18.034 [Test worker] INFO  o.s.b.t.c.SpringBootTestContextBootstrapper - Found @SpringBootConfiguration com.weShare.WeShareApplication for test class com.weShare.api.v1.token.RefreshRefreshTokenRepositoryTest 
Hibernate: insert into users (birth_date,email,name,password,profile_img,role) values (?,?,?,?,?,?)
Hibernate: insert into refresh_token (token,token_type,user_id) values (?,?,?)
Hibernate: select rt1_0.id,rt1_0.token,rt1_0.token_type,u1_0.user_id,u1_0.birth_date,u1_0.email,u1_0.name,u1_0.password,u1_0.profile_img,u1_0.role from refresh_token rt1_0 join users u1_0 on u1_0.user_id=rt1_0.user_id where u1_0.email=?
Hibernate: delete from refresh_token
Hibernate: delete from users
Hibernate: insert into users (birth_date,email,name,password,profile_img,role) values (?,?,?,?,?,?)
Hibernate: insert into refresh_token (token,token_type,user_id) values (?,?,?)
Hibernate: select rt1_0.id,rt1_0.token,rt1_0.token_type,rt1_0.user_id from refresh_token rt1_0 join users u1_0 on rt1_0.user_id=u1_0.user_id where rt1_0.user_id=?
Hibernate: delete from refresh_token
Hibernate: delete from users
Hibernate: insert into users (birth_date,email,name,password,profile_img,role) values (?,?,?,?,?,?)
Hibernate: insert into refresh_token (token,token_type,user_id) values (?,?,?)
Hibernate: select u1_0.user_id,u1_0.birth_date,u1_0.email,u1_0.name,u1_0.password,u1_0.profile_img,u1_0.role from refresh_token rt1_0 join users u1_0 on rt1_0.user_id=u1_0.user_id where rt1_0.token=?
Hibernate: delete from refresh_token
Hibernate: delete from users
]]></system-out>
  <system-err><![CDATA[]]></system-err>
</testsuite>
