<?xml version="1.0" encoding="UTF-8"?>
<testsuite name="com.weShare.WeShareApplicationTests" tests="1" skipped="0" failures="0" errors="0" timestamp="2024-01-23T06:46:40" hostname="hyunwoo-MacBookAir.local" time="0.346">
  <properties/>
  <testcase name="contextLoads()" classname="com.weShare.WeShareApplicationTests" time="0.346"/>
  <system-out><![CDATA[2024.01.23 15:46:37.125 [Test worker] INFO  o.s.t.c.s.AnnotationConfigContextLoaderUtils - Could not detect default configuration classes for test class [com.weShare.WeShareApplicationTests]: WeShareApplicationTests does not declare any static, non-private, non-final, nested classes annotated with @Configuration. 
2024.01.23 15:46:37.190 [Test worker] INFO  o.s.b.t.c.SpringBootTestContextBootstrapper - Found @SpringBootConfiguration com.weShare.WeShareApplication for test class com.weShare.WeShareApplicationTests 

  .   ____          _            __ _ _
 /\\ / ___'_ __ _ _(_)_ __  __ _ \ \ \ \
( ( )\___ | '_ | '_| | '_ \/ _` | \ \ \ \
 \\/  ___)| |_)| | | | | || (_| |  ) ) ) )
  '  |____| .__|_| |_|_| |_\__, | / / / /
 =========|_|==============|___/=/_/_/_/
 :: Spring Boot ::                (v3.2.1)

2024.01.23 15:46:37.383 [background-preinit] INFO  o.h.v.i.u.Version - HV000001: Hibernate Validator 8.0.1.Final 
2024.01.23 15:46:37.393 [Test worker] INFO  c.w.WeShareApplicationTests - Starting WeShareApplicationTests using Java 21.0.1 with PID 67361 (started by macm1 in /Users/ryu/프로젝트/weShare) 
2024.01.23 15:46:37.394 [Test worker] INFO  c.w.WeShareApplicationTests - No active profile set, falling back to 1 default profile: "default" 
2024.01.23 15:46:37.743 [Test worker] INFO  o.s.d.r.c.RepositoryConfigurationDelegate - Multiple Spring Data modules found, entering strict repository configuration mode 
2024.01.23 15:46:37.743 [Test worker] INFO  o.s.d.r.c.RepositoryConfigurationDelegate - Bootstrapping Spring Data Redis repositories in DEFAULT mode. 
2024.01.23 15:46:37.755 [Test worker] INFO  o.s.d.r.c.RepositoryConfigurationDelegate - Finished Spring Data repository scanning in 3 ms. Found 0 Redis repository interfaces. 
2024.01.23 15:46:37.898 [Test worker] INFO  o.s.d.r.c.RepositoryConfigurationDelegate - Multiple Spring Data modules found, entering strict repository configuration mode 
2024.01.23 15:46:37.898 [Test worker] INFO  o.s.d.r.c.RepositoryConfigurationDelegate - Bootstrapping Spring Data JPA repositories in DEFAULT mode. 
2024.01.23 15:46:37.970 [Test worker] INFO  o.s.d.r.c.RepositoryConfigurationExtensionSupport - Spring Data JPA - Could not safely identify store assignment for repository candidate interface com.weShare.api.v1.token.jwt.logout.LogoutAccessTokenRedisRepository; If you want this repository to be a JPA repository, consider annotating your entities with one of these annotations: jakarta.persistence.Entity, jakarta.persistence.MappedSuperclass (preferred), or consider extending one of the following types with your repository: org.springframework.data.jpa.repository.JpaRepository 
2024.01.23 15:46:37.987 [Test worker] INFO  o.s.d.r.c.RepositoryConfigurationDelegate - Finished Spring Data repository scanning in 87 ms. Found 2 JPA repository interfaces. 
2024.01.23 15:46:37.995 [Test worker] INFO  o.s.d.r.c.RepositoryConfigurationDelegate - Multiple Spring Data modules found, entering strict repository configuration mode 
2024.01.23 15:46:37.995 [Test worker] INFO  o.s.d.r.c.RepositoryConfigurationDelegate - Bootstrapping Spring Data Redis repositories in DEFAULT mode. 
2024.01.23 15:46:38.000 [Test worker] INFO  o.s.d.r.c.RepositoryConfigurationExtensionSupport - Spring Data Redis - Could not safely identify store assignment for repository candidate interface com.weShare.api.v1.domain.user.repository.UserRepository; If you want this repository to be a Redis repository, consider annotating your entities with one of these annotations: org.springframework.data.redis.core.RedisHash (preferred), or consider extending one of the following types with your repository: org.springframework.data.keyvalue.repository.KeyValueRepository 
2024.01.23 15:46:38.000 [Test worker] INFO  o.s.d.r.c.RepositoryConfigurationExtensionSupport - Spring Data Redis - Could not safely identify store assignment for repository candidate interface com.weShare.api.v1.token.RefreshTokenRepository; If you want this repository to be a Redis repository, consider annotating your entities with one of these annotations: org.springframework.data.redis.core.RedisHash (preferred), or consider extending one of the following types with your repository: org.springframework.data.keyvalue.repository.KeyValueRepository 
2024.01.23 15:46:38.003 [Test worker] INFO  o.s.d.r.c.RepositoryConfigurationDelegate - Finished Spring Data repository scanning in 8 ms. Found 1 Redis repository interface. 
2024.01.23 15:46:38.285 [Test worker] INFO  o.h.j.i.u.LogHelper - HHH000204: Processing PersistenceUnitInfo [name: default] 
2024.01.23 15:46:38.316 [Test worker] INFO  o.h.Version - HHH000412: Hibernate ORM core version 6.4.1.Final 
2024.01.23 15:46:38.332 [Test worker] INFO  o.h.c.i.RegionFactoryInitiator - HHH000026: Second-level cache disabled 
2024.01.23 15:46:38.448 [Test worker] INFO  o.s.o.j.p.SpringPersistenceUnitInfo - No LoadTimeWeaver setup: ignoring JPA class transformer 
2024.01.23 15:46:38.461 [Test worker] INFO  c.z.h.HikariDataSource - HikariPool-1 - Starting... 
2024.01.23 15:46:38.512 [Test worker] INFO  c.z.h.p.HikariPool - HikariPool-1 - Added connection org.mariadb.jdbc.Connection@74619273 
2024.01.23 15:46:38.513 [Test worker] INFO  c.z.h.HikariDataSource - HikariPool-1 - Start completed. 
2024.01.23 15:46:38.528 [Test worker] WARN  o.h.o.deprecation - HHH90000025: MySQLDialect does not need to be specified explicitly using 'hibernate.dialect' (remove the property setting and it will be selected by default) 
2024.01.23 15:46:38.984 [Test worker] INFO  o.h.e.t.j.p.i.JtaPlatformInitiator - HHH000489: No JTA platform available (set 'hibernate.transaction.jta.platform' to enable JTA platform integration) 
Hibernate: alter table refresh_token drop foreign key FKjtx87i0jvq2svedphegvdwcuy
Hibernate: drop table if exists refresh_token
Hibernate: drop table if exists users
Hibernate: create table refresh_token (id bigint not null auto_increment, user_id bigint, token varchar(255), token_type enum ('BEARER'), primary key (id)) engine=InnoDB
Hibernate: create table users (birth_date date not null, user_id bigint not null auto_increment, email varchar(255) not null, name varchar(255) not null, password varchar(255), profile_img varchar(255), role enum ('USER','ADMIN','MANAGER'), primary key (user_id)) engine=InnoDB
Hibernate: alter table refresh_token add constraint UK_f95ixxe7pa48ryn1awmh2evt7 unique (user_id)
Hibernate: alter table refresh_token add constraint UK_r4k4edos30bx9neoq81mdvwph unique (token)
Hibernate: alter table users add constraint UK_6dotkott2kjsp8vw4d0m25fb7 unique (email)
Hibernate: alter table users add constraint UK_3g1j96g94xpk3lpxl2qbl985x unique (name)
Hibernate: alter table refresh_token add constraint FKjtx87i0jvq2svedphegvdwcuy foreign key (user_id) references users (user_id)
2024.01.23 15:46:39.376 [Test worker] INFO  o.s.o.j.LocalContainerEntityManagerFactoryBean - Initialized JPA EntityManagerFactory for persistence unit 'default' 
2024.01.23 15:46:39.576 [Test worker] INFO  o.s.d.j.r.q.QueryEnhancerFactory - Hibernate is in classpath; If applicable, HQL parser will be used. 
2024.01.23 15:46:40.307 [Test worker] INFO  o.s.s.w.DefaultSecurityFilterChain - Will secure any request with [org.springframework.security.web.session.DisableEncodeUrlFilter@688e2e8d, org.springframework.security.web.context.request.async.WebAsyncManagerIntegrationFilter@1380a19b, org.springframework.security.web.context.SecurityContextHolderFilter@d89b0d3, org.springframework.security.web.header.HeaderWriterFilter@54b1ba04, org.springframework.web.filter.CorsFilter@49fb77d0, org.springframework.security.web.authentication.logout.LogoutFilter@79ae2d13, com.weShare.api.v1.config.JwtAuthenticationFilter@6114ed6f, org.springframework.security.web.savedrequest.RequestCacheAwareFilter@cc655a, org.springframework.security.web.servletapi.SecurityContextHolderAwareRequestFilter@67dc7d0, org.springframework.security.web.authentication.AnonymousAuthenticationFilter@321d39cc, org.springframework.security.web.session.SessionManagementFilter@7d24def, org.springframework.security.web.access.ExceptionTranslationFilter@df9bfaa, org.springframework.security.web.access.intercept.AuthorizationFilter@c4ef770] 
2024.01.23 15:46:40.570 [Test worker] INFO  c.w.WeShareApplicationTests - Started WeShareApplicationTests in 3.308 seconds (process running for 4.233) 
]]></system-out>
  <system-err><![CDATA[WARNING: A Java agent has been loaded dynamically (/Users/ryu/.gradle/caches/modules-2/files-2.1/net.bytebuddy/byte-buddy-agent/1.14.10/90ed94ac044ea8953b224304c762316e91fd6b31/byte-buddy-agent-1.14.10.jar)
WARNING: If a serviceability tool is in use, please run with -XX:+EnableDynamicAgentLoading to hide this warning
WARNING: If a serviceability tool is not in use, please run with -Djdk.instrument.traceUsage for more information
WARNING: Dynamic loading of agents will be disallowed by default in a future release
]]></system-err>
</testsuite>
